<?xml version="1.0" encoding="UTF-8"?>
<testng-results skipped="0" failed="1" ignored="0" total="4" passed="3">
  <reporter-output>
  </reporter-output>
  <suite name="datadriven" duration-ms="27417" started-at="2020-03-31T23:25:57 IST" finished-at="2020-03-31T23:26:25 IST">
    <groups>
    </groups>
    <test name="BankManagerLogin" duration-ms="10537" started-at="2020-03-31T23:25:57 IST" finished-at="2020-03-31T23:26:08 IST">
      <class name="com.way2auto.testcases.BankManagerLogin">
        <test-method status="PASS" signature="loginAsBm()[pri:0, instance:com.way2auto.testcases.BankManagerLogin@57d7f8ca]" name="loginAsBm" duration-ms="10368" started-at="2020-03-31T23:25:58 IST" finished-at="2020-03-31T23:26:08 IST">
          <reporter-output>
          </reporter-output>
        </test-method> <!-- loginAsBm -->
      </class> <!-- com.way2auto.testcases.BankManagerLogin -->
    </test> <!-- BankManagerLogin -->
    <test name="AddCustomer" duration-ms="16579" started-at="2020-03-31T23:26:08 IST" finished-at="2020-03-31T23:26:25 IST">
      <class name="com.way2auto.testcases.AddCustomer">
        <test-method status="PASS" signature="setUp()[pri:0, instance:com.way2auto.testcases.AddCustomer@a530d0a]" name="setUp" is-config="true" duration-ms="19380" started-at="2020-03-31T23:25:38 IST" finished-at="2020-03-31T23:25:57 IST">
          <reporter-output>
          </reporter-output>
        </test-method> <!-- setUp -->
        <test-method status="FAIL" signature="addCustomer(java.lang.String, java.lang.String, java.lang.String, java.lang.String)[pri:0, instance:com.way2auto.testcases.AddCustomer@a530d0a]" name="addCustomer" duration-ms="465" started-at="2020-03-31T23:26:09 IST" data-provider="getData" finished-at="2020-03-31T23:26:09 IST">
          <params>
            <param index="0">
              <value is-null="true"/>
            </param>
            <param index="1">
              <value is-null="true"/>
            </param>
            <param index="2">
              <value is-null="true"/>
            </param>
            <param index="3">
              <value is-null="true"/>
            </param>
          </params>
          <exception class="java.lang.IllegalArgumentException">
            <message>
              <![CDATA[Keys to send should be a not null CharSequence]]>
            </message>
            <full-stacktrace>
              <![CDATA[java.lang.IllegalArgumentException: Keys to send should be a not null CharSequence
at org.openqa.selenium.remote.RemoteWebElement.sendKeys(RemoteWebElement.java:97)
at com.way2auto.testcases.AddCustomer.addCustomer(AddCustomer.java:18)
at sun.reflect.NativeMethodAccessorImpl.invoke0(Native Method)
at sun.reflect.NativeMethodAccessorImpl.invoke(Unknown Source)
at sun.reflect.DelegatingMethodAccessorImpl.invoke(Unknown Source)
at java.lang.reflect.Method.invoke(Unknown Source)
at org.testng.internal.MethodInvocationHelper.invokeMethod(MethodInvocationHelper.java:134)
at org.testng.internal.TestInvoker.invokeMethod(TestInvoker.java:597)
at org.testng.internal.TestInvoker.invokeTestMethod(TestInvoker.java:173)
at org.testng.internal.MethodRunner.runInSequence(MethodRunner.java:46)
at org.testng.internal.TestInvoker$MethodInvocationAgent.invoke(TestInvoker.java:816)
at org.testng.internal.TestInvoker.invokeTestMethods(TestInvoker.java:146)
at org.testng.internal.TestMethodWorker.invokeTestMethods(TestMethodWorker.java:146)
at org.testng.internal.TestMethodWorker.run(TestMethodWorker.java:128)
at java.util.ArrayList.forEach(Unknown Source)
at org.testng.TestRunner.privateRun(TestRunner.java:766)
at org.testng.TestRunner.run(TestRunner.java:587)
at org.testng.SuiteRunner.runTest(SuiteRunner.java:384)
at org.testng.SuiteRunner.runSequentially(SuiteRunner.java:378)
at org.testng.SuiteRunner.privateRun(SuiteRunner.java:337)
at org.testng.SuiteRunner.run(SuiteRunner.java:286)
at org.testng.SuiteRunnerWorker.runSuite(SuiteRunnerWorker.java:53)
at org.testng.SuiteRunnerWorker.run(SuiteRunnerWorker.java:96)
at org.testng.TestNG.runSuitesSequentially(TestNG.java:1187)
at org.testng.TestNG.runSuitesLocally(TestNG.java:1109)
at org.testng.TestNG.runSuites(TestNG.java:1039)
at org.testng.TestNG.run(TestNG.java:1007)
at org.testng.remote.AbstractRemoteTestNG.run(AbstractRemoteTestNG.java:115)
at org.testng.remote.RemoteTestNG.initAndRun(RemoteTestNG.java:251)
at org.testng.remote.RemoteTestNG.main(RemoteTestNG.java:77)
]]>
            </full-stacktrace>
          </exception> <!-- java.lang.IllegalArgumentException -->
          <reporter-output>
          </reporter-output>
        </test-method> <!-- addCustomer -->
        <test-method status="PASS" signature="addCustomer(java.lang.String, java.lang.String, java.lang.String, java.lang.String)[pri:0, instance:com.way2auto.testcases.AddCustomer@a530d0a]" name="addCustomer" duration-ms="8717" started-at="2020-03-31T23:26:09 IST" data-provider="getData" finished-at="2020-03-31T23:26:18 IST">
          <params>
            <param index="0">
              <value>
                <![CDATA[pinku]]>
              </value>
            </param>
            <param index="1">
              <value>
                <![CDATA[babu]]>
              </value>
            </param>
            <param index="2">
              <value>
                <![CDATA[758044.0]]>
              </value>
            </param>
            <param index="3">
              <value>
                <![CDATA[Customer added successfull]]>
              </value>
            </param>
          </params>
          <reporter-output>
          </reporter-output>
        </test-method> <!-- addCustomer -->
        <test-method status="PASS" signature="addCustomer(java.lang.String, java.lang.String, java.lang.String, java.lang.String)[pri:0, instance:com.way2auto.testcases.AddCustomer@a530d0a]" name="addCustomer" duration-ms="6753" started-at="2020-03-31T23:26:18 IST" data-provider="getData" finished-at="2020-03-31T23:26:25 IST">
          <params>
            <param index="0">
              <value>
                <![CDATA[raja]]>
              </value>
            </param>
            <param index="1">
              <value>
                <![CDATA[babu]]>
              </value>
            </param>
            <param index="2">
              <value>
                <![CDATA[965822.0]]>
              </value>
            </param>
            <param index="3">
              <value>
                <![CDATA[Customer added successfull]]>
              </value>
            </param>
          </params>
          <reporter-output>
          </reporter-output>
        </test-method> <!-- addCustomer -->
        <test-method status="PASS" signature="tearDown()[pri:0, instance:com.way2auto.testcases.AddCustomer@a530d0a]" name="tearDown" is-config="true" duration-ms="857" started-at="2020-03-31T23:26:25 IST" finished-at="2020-03-31T23:26:26 IST">
          <reporter-output>
          </reporter-output>
        </test-method> <!-- tearDown -->
      </class> <!-- com.way2auto.testcases.AddCustomer -->
    </test> <!-- AddCustomer -->
  </suite> <!-- datadriven -->
</testng-results>
