<?xml version="1.0" encoding="UTF-8"?>
<!-- Generated by org.testng.reporters.JUnitXMLReporter -->
<testsuite hostname="DESKTOP-2CDHK3O" ignored="0" name="AddCustomer" tests="3" failures="1" timestamp="2020-03-31T23:26:25 IST" time="16.579" errors="0">
  <testcase name="addCustomer" time="0.465" classname="com.way2auto.testcases.AddCustomer">
    <failure type="java.lang.IllegalArgumentException" message="Keys to send should be a not null CharSequence">
      <![CDATA[java.lang.IllegalArgumentException: Keys to send should be a not null CharSequence
at org.openqa.selenium.remote.RemoteWebElement.sendKeys(RemoteWebElement.java:97)
at com.way2auto.testcases.AddCustomer.addCustomer(AddCustomer.java:18)
at java.util.ArrayList.forEach(Unknown Source)
... Removed 27 stack frames]]>
    </failure>
  </testcase> <!-- addCustomer -->
  <testcase name="addCustomer" time="8.717" classname="com.way2auto.testcases.AddCustomer"/>
  <testcase name="addCustomer" time="6.753" classname="com.way2auto.testcases.AddCustomer"/>
</testsuite> <!-- AddCustomer -->
